<?xml version="1.0" encoding="UTF-8"?>
<!-- Generated by org.testng.reporters.JUnitXMLReporter -->
<testsuite ignored="0" hostname="LAPTOP-3CRLH9VA" failures="1" tests="1" name="Default test" time="0.882" errors="0" timestamp="2024-06-14T15:56:20 IST">
  <testcase classname="io.cucumber.testng.AbstractTestNGCucumberTests" name="runScenario" time="0.152">
    <failure type="java.lang.NullPointerException" message="Cannot invoke &amp;quot;io.appium.java_client.android.AndroidDriver.findElement(org.openqa.selenium.By)&amp;quot; because &amp;quot;SalesPage.LoginPage.driver&amp;quot; is null">
      <![CDATA[java.lang.NullPointerException: Cannot invoke "io.appium.java_client.android.AndroidDriver.findElement(org.openqa.selenium.By)" because "SalesPage.LoginPage.driver" is null
at SalesPage.LoginPage.user_navigate_to_the_application(LoginPage.java:19)
at stepDefinition.LoginStep.user_navigate_to_the_application(LoginStep.java:24)
at ✽.User Navigate to the Application(file:///C:/MobilAutomation/Salesapp/SalesAPP/src/test/java/features/login.feature:9)
]]>
    </failure>
  </testcase> <!-- runScenario -->
</testsuite> <!-- Default test -->
