<?xml version="1.0" encoding="UTF-8"?>
<!-- Generated by org.testng.reporters.JUnitReportReporter -->
<testsuite hostname="LAPTOP-3CRLH9VA" failures="0" tests="1" name="Runner.TestRunner" time="0.152" errors="1" timestamp="2024-06-14T15:56:20 IST" skipped="0">
  <testcase classname="Runner.TestRunner" name="runScenario" time="0.152">
    <error message="Cannot invoke &quot;io.appium.java_client.android.AndroidDriver.findElement(org.openqa.selenium.By)&quot; because &quot;SalesPage.LoginPage.driver&quot; is null" type="java.lang.NullPointerException">
      <![CDATA[java.lang.NullPointerException: Cannot invoke "io.appium.java_client.android.AndroidDriver.findElement(org.openqa.selenium.By)" because "SalesPage.LoginPage.driver" is null
at SalesPage.LoginPage.user_navigate_to_the_application(LoginPage.java:19)
at stepDefinition.LoginStep.user_navigate_to_the_application(LoginStep.java:24)
at ✽.User Navigate to the Application(file:///C:/MobilAutomation/Salesapp/SalesAPP/src/test/java/features/login.feature:9)
]]>
    </error>
  </testcase> <!-- runScenario -->
  <system-out/>
</testsuite> <!-- Runner.TestRunner -->
