<?xml version="1.0" encoding="UTF-8"?>
<testng-results ignored="0" total="1" passed="0" failed="1" skipped="0">
  <reporter-output>
  </reporter-output>
  <suite started-at="2024-06-14T15:56:19 IST" name="Default suite" finished-at="2024-06-14T15:56:20 IST" duration-ms="882">
    <groups>
      <group name="cucumber">
        <method signature="AbstractTestNGCucumberTests.runScenario(io.cucumber.testng.PickleWrapper,io.cucumber.testng.FeatureWrapper)[pri:0, instance:Runner.TestRunner@6302bbb1]" name="runScenario" class="io.cucumber.testng.AbstractTestNGCucumberTests"/>
      </group> <!-- cucumber -->
    </groups>
    <test started-at="2024-06-14T15:56:19 IST" name="Default test" finished-at="2024-06-14T15:56:20 IST" duration-ms="882">
      <class name="Runner.TestRunner">
        <test-method is-config="true" signature="setUpClass(org.testng.ITestContext)[pri:0, instance:Runner.TestRunner@6302bbb1]" started-at="2024-06-14T15:56:19 IST" name="setUpClass" finished-at="2024-06-14T15:56:20 IST" duration-ms="671" status="PASS">
          <params>
            <param index="0">
              <value>
                <![CDATA[org.testng.TestRunner@2d8f2f3a]]>
              </value>
            </param>
          </params>
          <reporter-output>
          </reporter-output>
        </test-method> <!-- setUpClass -->
        <test-method signature="runScenario(io.cucumber.testng.PickleWrapper,io.cucumber.testng.FeatureWrapper)[pri:0, instance:Runner.TestRunner@6302bbb1]" started-at="2024-06-14T15:56:20 IST" name="runScenario" description="Runs Cucumber Scenarios" data-provider="scenarios" finished-at="2024-06-14T15:56:20 IST" duration-ms="152" status="FAIL">
          <params>
            <param index="0">
              <value>
                <![CDATA["Verify The Login Functionality with Valid Credentials"]]>
              </value>
            </param>
            <param index="1">
              <value>
                <![CDATA["Login funtionality"]]>
              </value>
            </param>
          </params>
          <exception class="java.lang.NullPointerException">
            <message>
              <![CDATA[Cannot invoke "io.appium.java_client.android.AndroidDriver.findElement(org.openqa.selenium.By)" because "SalesPage.LoginPage.driver" is null]]>
            </message>
            <full-stacktrace>
              <![CDATA[java.lang.NullPointerException: Cannot invoke "io.appium.java_client.android.AndroidDriver.findElement(org.openqa.selenium.By)" because "SalesPage.LoginPage.driver" is null
at SalesPage.LoginPage.user_navigate_to_the_application(LoginPage.java:19)
at stepDefinition.LoginStep.user_navigate_to_the_application(LoginStep.java:24)
at ✽.User Navigate to the Application(file:///C:/MobilAutomation/Salesapp/SalesAPP/src/test/java/features/login.feature:9)
]]>
            </full-stacktrace>
          </exception> <!-- java.lang.NullPointerException -->
          <reporter-output>
          </reporter-output>
        </test-method> <!-- runScenario -->
        <test-method is-config="true" signature="tearDownClass()[pri:0, instance:Runner.TestRunner@6302bbb1]" started-at="2024-06-14T15:56:20 IST" name="tearDownClass" finished-at="2024-06-14T15:56:20 IST" duration-ms="19" status="PASS">
          <reporter-output>
          </reporter-output>
        </test-method> <!-- tearDownClass -->
      </class> <!-- Runner.TestRunner -->
    </test> <!-- Default test -->
  </suite> <!-- Default suite -->
</testng-results>
